<?xml version="1.0" encoding="UTF-8"?>
<!-- Generated by org.testng.reporters.JUnitReportReporter -->
<testsuite hostname="DESKTOP-L9AP78L" failures="0" tests="1" name="Demo.FourTest" time="0.011" errors="0" timestamp="2023-10-11T07:47:04 PDT" skipped="0">
  <testcase classname="Demo.FourTest" name="mFour" time="0.011"/>
</testsuite> <!-- Demo.FourTest -->
