<?xml version="1.0" encoding="UTF-8"?>
<!-- Generated by org.testng.reporters.JUnitReportReporter -->
<testsuite hostname="DESKTOP-L9AP78L" failures="0" tests="1" name="Demo.OneTest" time="55.725" errors="0" timestamp="2023-10-11T07:47:04 PDT" skipped="0">
  <testcase classname="Demo.OneTest" name="mOne" time="55.725"/>
</testsuite> <!-- Demo.OneTest -->
